<?xml version="1.0" encoding="UTF-8"?>
<Site BuildName="(empty)"
	BuildStamp="20240207-0254-Experimental"
	Name="(empty)"
	Generator="ctest-3.22.1"
	CompilerName=""
	CompilerVersion=""
	OSName="Linux"
	Hostname="dgk-virtual-machine"
	OSRelease="6.5.0-15-generic"
	OSVersion="#15~22.04.1-Ubuntu SMP PREEMPT_DYNAMIC Fri Jan 12 18:54:30 UTC 2"
	OSPlatform="x86_64"
	Is64Bits="1"
	VendorString="AuthenticAMD"
	VendorID="Advanced Micro Devices"
	FamilyID="25"
	ModelID="80"
	ProcessorCacheSize="512"
	NumberOfLogicalCPU="8"
	NumberOfPhysicalCPU="8"
	TotalVirtualMemory="2047"
	TotalPhysicalMemory="15948"
	LogicalProcessorsPerPhysical="1"
	ProcessorClockFrequency="3193.92"
	>
	<Testing>
		<StartDateTime>Feb 07 10:54 CST</StartDateTime>
		<StartTestTime>1707274469</StartTestTime>
		<TestList/>
		<EndDateTime>Feb 07 10:54 CST</EndDateTime>
		<EndTestTime>1707274469</EndTestTime>
		<ElapsedMinutes>0</ElapsedMinutes>
	</Testing>
</Site>
